AX=8671  BX=0000  CX=000F  DX=4240  SP=FFFA  BP=0000  SI=0000  DI=0000
DS=0000  ES=0000  SS=0000  CS=F400  IP=01E0   NV UP DI PL NZ NA PE NC
F400:01E0 FFFFCD15          BIOS DI

AX=8671  BX=0000  CX=000F  DX=4240  SP=FFFA  BP=0000  SI=0000  DI=0000
DS=0000  ES=0000  SS=0000  CS=F400  IP=01E4   NV UP DI PL NZ NA PE NC
F400:01E4 CF            IRET

AX=8671  BX=0000  CX=000F  DX=4240  SP=0000  BP=0000  SI=0000  DI=0000
DS=0000  ES=0000  SS=0000  CS=0000  IP=7C2C   NV UP EI PL NZ NA PE NC
0000:7C2C 7202          JB 07C30h

AX=8671  BX=0000  CX=000F  DX=4240  SP=0000  BP=0000  SI=0000  DI=0000
DS=0000  ES=0000  SS=0000  CS=0000  IP=7C2E   NV UP EI PL NZ NA PE NC
0000:7C2E EBDC          JMP 07D0Ch

AX=8671  BX=0000  CX=000F  DX=4240  SP=0000  BP=0000  SI=0000  DI=0000
DS=0000  ES=0000  SS=0000  CS=0000  IP=7C0C   NV UP EI PL NZ NA PE NC
0000:7C0C 803E4A7C00    CMP b.[07C4Ah], 00h		DS:0C4A=00h

AX=8671  BX=0000  CX=000F  DX=4240  SP=0000  BP=0000  SI=0000  DI=0000
DS=0000  ES=0000  SS=0000  CS=0000  IP=7C11   NV UP EI PL NZ NA PE NC
0000:7C11 741D          JZ 07C30h

AX=8671  BX=0000  CX=000F  DX=4240  SP=0000  BP=0000  SI=0000  DI=0000
DS=0000  ES=0000  SS=0000  CS=0000  IP=7C13   NV UP EI PL NZ NA PE NC
0000:7C13 A04B7C        MOV AL, [07C4Bh]		DS:0C4B=00h

AX=8672  BX=0000  CX=000F  DX=4240  SP=0000  BP=0000  SI=0000  DI=0000
DS=0000  ES=0000  SS=0000  CS=0000  IP=7C16   NV UP EI PL NZ NA PE NC
0000:7C16 B40E          MOV AH, 0Eh

AX=0E72  BX=0000  CX=000F  DX=4240  SP=0000  BP=0000  SI=0000  DI=0000
DS=0000  ES=0000  SS=0000  CS=0000  IP=7C18   NV UP EI PL NZ NA PE NC
0000:7C18 CD10          INT 010h

AX=0E72  BX=0000  CX=000F  DX=4240  SP=FFFA  BP=0000  SI=0000  DI=0000
DS=0000  ES=0000  SS=0000  CS=F400  IP=0190   NV UP DI PL NZ NA PE NC
F400:0190 FFFFCD10          BIOS DI

AX=0E72  BX=0000  CX=000F  DX=4240  SP=FFFA  BP=0000  SI=0000  DI=0000
DS=0000  ES=0000  SS=0000  CS=F400  IP=0194   NV UP DI PL NZ NA PE NC
F400:0194 CF            IRET

AX=0E72  BX=0000  CX=000F  DX=4240  SP=0000  BP=0000  SI=0000  DI=0000
DS=0000  ES=0000  SS=0000  CS=0000  IP=7C1A   NV UP EI PL NZ NA PE NC
0000:7C1A FE064B7C      INC b.[07C4Bh]		DS:0C4B=00h

AX=0E72  BX=0000  CX=000F  DX=4240  SP=0000  BP=0000  SI=0000  DI=0000
DS=0000  ES=0000  SS=0000  CS=0000  IP=7C1E   NV UP EI PL NZ NA PO NC
0000:7C1E FE0E4A7C      DEC b.[07C4Ah]		DS:0C4A=00h

AX=0E72  BX=0000  CX=000F  DX=4240  SP=0000  BP=0000  SI=0000  DI=0000
DS=0000  ES=0000  SS=0000  CS=0000  IP=7C22   NV UP EI PL NZ NA PO NC
0000:7C22 B90F00        MOV CX, 0000Fh

AX=0E72  BX=0000  CX=000F  DX=4240  SP=0000  BP=0000  SI=0000  DI=0000
DS=0000  ES=0000  SS=0000  CS=0000  IP=7C25   NV UP EI PL NZ NA PO NC
0000:7C25 BA4042        MOV DX, 04240h

AX=0E72  BX=0000  CX=000F  DX=4240  SP=0000  BP=0000  SI=0000  DI=0000
DS=0000  ES=0000  SS=0000  CS=0000  IP=7C28   NV UP EI PL NZ NA PO NC
0000:7C28 B486          MOV AH, 086h

AX=8672  BX=0000  CX=000F  DX=4240  SP=0000  BP=0000  SI=0000  DI=0000
DS=0000  ES=0000  SS=0000  CS=0000  IP=7C2A   NV UP EI PL NZ NA PO NC
0000:7C2A CD15          INT 015h

AX=8672  BX=0000  CX=000F  DX=4240  SP=FFFA  BP=0000  SI=0000  DI=0000
DS=0000  ES=0000  SS=0000  CS=F400  IP=01E0   NV UP DI PL NZ NA PO NC
F400:01E0 FFFFCD15          BIOS DI

AX=8672  BX=0000  CX=000F  DX=4240  SP=FFFA  BP=0000  SI=0000  DI=0000
DS=0000  ES=0000  SS=0000  CS=F400  IP=01E4   NV UP DI PL NZ NA PO NC
F400:01E4 CF            IRET

AX=8672  BX=0000  CX=000F  DX=4240  SP=0000  BP=0000  SI=0000  DI=0000
DS=0000  ES=0000  SS=0000  CS=0000  IP=7C2C   NV UP EI PL NZ NA PO NC
0000:7C2C 7202          JB 07C30h

AX=8672  BX=0000  CX=000F  DX=4240  SP=0000  BP=0000  SI=0000  DI=0000
DS=0000  ES=0000  SS=0000  CS=0000  IP=7C2E   NV UP EI PL NZ NA PO NC
0000:7C2E EBDC          JMP 07D0Ch

AX=8672  BX=0000  CX=000F  DX=4240  SP=0000  BP=0000  SI=0000  DI=0000
DS=0000  ES=0000  SS=0000  CS=0000  IP=7C0C   NV UP EI PL NZ NA PO NC
0000:7C0C 803E4A7C00    CMP b.[07C4Ah], 00h		DS:0C4A=00h

AX=8672  BX=0000  CX=000F  DX=4240  SP=0000  BP=0000  SI=0000  DI=0000
DS=0000  ES=0000  SS=0000  CS=0000  IP=7C11   NV UP EI PL NZ NA PO NC
0000:7C11 741D          JZ 07C30h

AX=8672  BX=0000  CX=000F  DX=4240  SP=0000  BP=0000  SI=0000  DI=0000
DS=0000  ES=0000  SS=0000  CS=0000  IP=7C13   NV UP EI PL NZ NA PO NC
0000:7C13 A04B7C        MOV AL, [07C4Bh]		DS:0C4B=00h

AX=8673  BX=0000  CX=000F  DX=4240  SP=0000  BP=0000  SI=0000  DI=0000
DS=0000  ES=0000  SS=0000  CS=0000  IP=7C16   NV UP EI PL NZ NA PO NC
0000:7C16 B40E          MOV AH, 0Eh

AX=0E73  BX=0000  CX=000F  DX=4240  SP=0000  BP=0000  SI=0000  DI=0000
DS=0000  ES=0000  SS=0000  CS=0000  IP=7C18   NV UP EI PL NZ NA PO NC
0000:7C18 CD10          INT 010h

AX=0E73  BX=0000  CX=000F  DX=4240  SP=FFFA  BP=0000  SI=0000  DI=0000
DS=0000  ES=0000  SS=0000  CS=F400  IP=0190   NV UP DI PL NZ NA PO NC
F400:0190 FFFFCD10          BIOS DI

AX=0E73  BX=0000  CX=000F  DX=4240  SP=FFFA  BP=0000  SI=0000  DI=0000
DS=0000  ES=0000  SS=0000  CS=F400  IP=0194   NV UP DI PL NZ NA PO NC
F400:0194 CF            IRET

AX=0E73  BX=0000  CX=000F  DX=4240  SP=0000  BP=0000  SI=0000  DI=0000
DS=0000  ES=0000  SS=0000  CS=0000  IP=7C1A   NV UP EI PL NZ NA PO NC
0000:7C1A FE064B7C      INC b.[07C4Bh]		DS:0C4B=00h

AX=0E73  BX=0000  CX=000F  DX=4240  SP=0000  BP=0000  SI=0000  DI=0000
DS=0000  ES=0000  SS=0000  CS=0000  IP=7C1E   NV UP EI PL NZ NA PE NC
0000:7C1E FE0E4A7C      DEC b.[07C4Ah]		DS:0C4A=00h

AX=0E73  BX=0000  CX=000F  DX=4240  SP=0000  BP=0000  SI=0000  DI=0000
DS=0000  ES=0000  SS=0000  CS=0000  IP=7C22   NV UP EI PL NZ NA PO NC
0000:7C22 B90F00        MOV CX, 0000Fh

AX=0E73  BX=0000  CX=000F  DX=4240  SP=0000  BP=0000  SI=0000  DI=0000
DS=0000  ES=0000  SS=0000  CS=0000  IP=7C25   NV UP EI PL NZ NA PO NC
0000:7C25 BA4042        MOV DX, 04240h

AX=0E73  BX=0000  CX=000F  DX=4240  SP=0000  BP=0000  SI=0000  DI=0000
DS=0000  ES=0000  SS=0000  CS=0000  IP=7C28   NV UP EI PL NZ NA PO NC
0000:7C28 B486          MOV AH, 086h

AX=8673  BX=0000  CX=000F  DX=4240  SP=0000  BP=0000  SI=0000  DI=0000
DS=0000  ES=0000  SS=0000  CS=0000  IP=7C2A   NV UP EI PL NZ NA PO NC
0000:7C2A CD15          INT 015h

AX=8673  BX=0000  CX=000F  DX=4240  SP=FFFA  BP=0000  SI=0000  DI=0000
DS=0000  ES=0000  SS=0000  CS=F400  IP=01E0   NV UP DI PL NZ NA PO NC
F400:01E0 FFFFCD15          BIOS DI

AX=8673  BX=0000  CX=000F  DX=4240  SP=FFFA  BP=0000  SI=0000  DI=0000
DS=0000  ES=0000  SS=0000  CS=F400  IP=01E4   NV UP DI PL NZ NA PO NC
F400:01E4 CF            IRET

AX=8673  BX=0000  CX=000F  DX=4240  SP=0000  BP=0000  SI=0000  DI=0000
DS=0000  ES=0000  SS=0000  CS=0000  IP=7C2C   NV UP EI PL NZ NA PO NC
0000:7C2C 7202          JB 07C30h

AX=8673  BX=0000  CX=000F  DX=4240  SP=0000  BP=0000  SI=0000  DI=0000
DS=0000  ES=0000  SS=0000  CS=0000  IP=7C2E   NV UP EI PL NZ NA PO NC
0000:7C2E EBDC          JMP 07D0Ch

AX=8673  BX=0000  CX=000F  DX=4240  SP=0000  BP=0000  SI=0000  DI=0000
DS=0000  ES=0000  SS=0000  CS=0000  IP=7C0C   NV UP EI PL NZ NA PO NC
0000:7C0C 803E4A7C00    CMP b.[07C4Ah], 00h		DS:0C4A=00h

AX=8673  BX=0000  CX=000F  DX=4240  SP=0000  BP=0000  SI=0000  DI=0000
DS=0000  ES=0000  SS=0000  CS=0000  IP=7C11   NV UP EI PL NZ NA PO NC
0000:7C11 741D          JZ 07C30h

AX=8673  BX=0000  CX=000F  DX=4240  SP=0000  BP=0000  SI=0000  DI=0000
DS=0000  ES=0000  SS=0000  CS=0000  IP=7C13   NV UP EI PL NZ NA PO NC
0000:7C13 A04B7C        MOV AL, [07C4Bh]		DS:0C4B=00h

AX=8674  BX=0000  CX=000F  DX=4240  SP=0000  BP=0000  SI=0000  DI=0000
DS=0000  ES=0000  SS=0000  CS=0000  IP=7C16   NV UP EI PL NZ NA PO NC
0000:7C16 B40E          MOV AH, 0Eh

AX=0E74  BX=0000  CX=000F  DX=4240  SP=0000  BP=0000  SI=0000  DI=0000
DS=0000  ES=0000  SS=0000  CS=0000  IP=7C18   NV UP EI PL NZ NA PO NC
0000:7C18 CD10          INT 010h

AX=0E74  BX=0000  CX=000F  DX=4240  SP=FFFA  BP=0000  SI=0000  DI=0000
DS=0000  ES=0000  SS=0000  CS=F400  IP=0190   NV UP DI PL NZ NA PO NC
F400:0190 FFFFCD10          BIOS DI

AX=0E74  BX=0000  CX=000F  DX=4240  SP=FFFA  BP=0000  SI=0000  DI=0000
DS=0000  ES=0000  SS=0000  CS=F400  IP=0194   NV UP DI PL NZ NA PO NC
F400:0194 CF            IRET

AX=0E74  BX=0000  CX=000F  DX=4240  SP=0000  BP=0000  SI=0000  DI=0000
DS=0000  ES=0000  SS=0000  CS=0000  IP=7C1A   NV UP EI PL NZ NA PO NC
0000:7C1A FE064B7C      INC b.[07C4Bh]		DS:0C4B=00h

AX=0E74  BX=0000  CX=000F  DX=4240  SP=0000  BP=0000  SI=0000  DI=0000
DS=0000  ES=0000  SS=0000  CS=0000  IP=7C1E   NV UP EI PL NZ NA PO NC
0000:7C1E FE0E4A7C      DEC b.[07C4Ah]		DS:0C4A=00h

AX=0E74  BX=0000  CX=000F  DX=4240  SP=0000  BP=0000  SI=0000  DI=0000
DS=0000  ES=0000  SS=0000  CS=0000  IP=7C22   NV UP EI PL NZ NA PE NC
0000:7C22 B90F00        MOV CX, 0000Fh

AX=0E74  BX=0000  CX=000F  DX=4240  SP=0000  BP=0000  SI=0000  DI=0000
DS=0000  ES=0000  SS=0000  CS=0000  IP=7C25   NV UP EI PL NZ NA PE NC
0000:7C25 BA4042        MOV DX, 04240h

AX=0E74  BX=0000  CX=000F  DX=4240  SP=0000  BP=0000  SI=0000  DI=0000
DS=0000  ES=0000  SS=0000  CS=0000  IP=7C28   NV UP EI PL NZ NA PE NC
0000:7C28 B486          MOV AH, 086h

AX=8674  BX=0000  CX=000F  DX=4240  SP=0000  BP=0000  SI=0000  DI=0000
DS=0000  ES=0000  SS=0000  CS=0000  IP=7C2A   NV UP EI PL NZ NA PE NC
0000:7C2A CD15          INT 015h

AX=8674  BX=0000  CX=000F  DX=4240  SP=FFFA  BP=0000  SI=0000  DI=0000
DS=0000  ES=0000  SS=0000  CS=F400  IP=01E0   NV UP DI PL NZ NA PE NC
F400:01E0 FFFFCD15          BIOS DI

AX=8674  BX=0000  CX=000F  DX=4240  SP=FFFA  BP=0000  SI=0000  DI=0000
DS=0000  ES=0000  SS=0000  CS=F400  IP=01E4   NV UP DI PL NZ NA PE NC
F400:01E4 CF            IRET

AX=8674  BX=0000  CX=000F  DX=4240  SP=0000  BP=0000  SI=0000  DI=0000
DS=0000  ES=0000  SS=0000  CS=0000  IP=7C2C   NV UP EI PL NZ NA PE NC
0000:7C2C 7202          JB 07C30h

AX=8674  BX=0000  CX=000F  DX=4240  SP=0000  BP=0000  SI=0000  DI=0000
DS=0000  ES=0000  SS=0000  CS=0000  IP=7C2E   NV UP EI PL NZ NA PE NC
0000:7C2E EBDC          JMP 07D0Ch

AX=8674  BX=0000  CX=000F  DX=4240  SP=0000  BP=0000  SI=0000  DI=0000
DS=0000  ES=0000  SS=0000  CS=0000  IP=7C0C   NV UP EI PL NZ NA PE NC
0000:7C0C 803E4A7C00    CMP b.[07C4Ah], 00h		DS:0C4A=00h

AX=8674  BX=0000  CX=000F  DX=4240  SP=0000  BP=0000  SI=0000  DI=0000
DS=0000  ES=0000  SS=0000  CS=0000  IP=7C11   NV UP EI PL NZ NA PE NC
0000:7C11 741D          JZ 07C30h

AX=8674  BX=0000  CX=000F  DX=4240  SP=0000  BP=0000  SI=0000  DI=0000
DS=0000  ES=0000  SS=0000  CS=0000  IP=7C13   NV UP EI PL NZ NA PE NC
0000:7C13 A04B7C        MOV AL, [07C4Bh]		DS:0C4B=00h

AX=8675  BX=0000  CX=000F  DX=4240  SP=0000  BP=0000  SI=0000  DI=0000
DS=0000  ES=0000  SS=0000  CS=0000  IP=7C16   NV UP EI PL NZ NA PE NC
0000:7C16 B40E          MOV AH, 0Eh

AX=0E75  BX=0000  CX=000F  DX=4240  SP=0000  BP=0000  SI=0000  DI=0000
DS=0000  ES=0000  SS=0000  CS=0000  IP=7C18   NV UP EI PL NZ NA PE NC
0000:7C18 CD10          INT 010h

AX=0E75  BX=0000  CX=000F  DX=4240  SP=FFFA  BP=0000  SI=0000  DI=0000
DS=0000  ES=0000  SS=0000  CS=F400  IP=0190   NV UP DI PL NZ NA PE NC
F400:0190 FFFFCD10          BIOS DI

AX=0E75  BX=0000  CX=000F  DX=4240  SP=FFFA  BP=0000  SI=0000  DI=0000
DS=0000  ES=0000  SS=0000  CS=F400  IP=0194   NV UP DI PL NZ NA PE NC
F400:0194 CF            IRET

AX=0E75  BX=0000  CX=000F  DX=4240  SP=0000  BP=0000  SI=0000  DI=0000
DS=0000  ES=0000  SS=0000  CS=0000  IP=7C1A   NV UP EI PL NZ NA PE NC
0000:7C1A FE064B7C      INC b.[07C4Bh]		DS:0C4B=00h

AX=0E75  BX=0000  CX=000F  DX=4240  SP=0000  BP=0000  SI=0000  DI=0000
DS=0000  ES=0000  SS=0000  CS=0000  IP=7C1E   NV UP EI PL NZ NA PO NC
0000:7C1E FE0E4A7C      DEC b.[07C4Ah]		DS:0C4A=00h

AX=0E75  BX=0000  CX=000F  DX=4240  SP=0000  BP=0000  SI=0000  DI=0000
DS=0000  ES=0000  SS=0000  CS=0000  IP=7C22   NV UP EI PL NZ NA PE NC
0000:7C22 B90F00        MOV CX, 0000Fh

AX=0E75  BX=0000  CX=000F  DX=4240  SP=0000  BP=0000  SI=0000  DI=0000
DS=0000  ES=0000  SS=0000  CS=0000  IP=7C25   NV UP EI PL NZ NA PE NC
0000:7C25 BA4042        MOV DX, 04240h

AX=0E75  BX=0000  CX=000F  DX=4240  SP=0000  BP=0000  SI=0000  DI=0000
DS=0000  ES=0000  SS=0000  CS=0000  IP=7C28   NV UP EI PL NZ NA PE NC
0000:7C28 B486          MOV AH, 086h

AX=8675  BX=0000  CX=000F  DX=4240  SP=0000  BP=0000  SI=0000  DI=0000
DS=0000  ES=0000  SS=0000  CS=0000  IP=7C2A   NV UP EI PL NZ NA PE NC
0000:7C2A CD15          INT 015h

AX=8675  BX=0000  CX=000F  DX=4240  SP=FFFA  BP=0000  SI=0000  DI=0000
DS=0000  ES=0000  SS=0000  CS=F400  IP=01E0   NV UP DI PL NZ NA PE NC
F400:01E0 FFFFCD15          BIOS DI

AX=8675  BX=0000  CX=000F  DX=4240  SP=FFFA  BP=0000  SI=0000  DI=0000
DS=0000  ES=0000  SS=0000  CS=F400  IP=01E4   NV UP DI PL NZ NA PE NC
F400:01E4 CF            IRET

AX=8675  BX=0000  CX=000F  DX=4240  SP=0000  BP=0000  SI=0000  DI=0000
DS=0000  ES=0000  SS=0000  CS=0000  IP=7C2C   NV UP EI PL NZ NA PE NC
0000:7C2C 7202          JB 07C30h

AX=8675  BX=0000  CX=000F  DX=4240  SP=0000  BP=0000  SI=0000  DI=0000
DS=0000  ES=0000  SS=0000  CS=0000  IP=7C2E   NV UP EI PL NZ NA PE NC
0000:7C2E EBDC          JMP 07D0Ch

AX=8675  BX=0000  CX=000F  DX=4240  SP=0000  BP=0000  SI=0000  DI=0000
DS=0000  ES=0000  SS=0000  CS=0000  IP=7C0C   NV UP EI PL NZ NA PE NC
0000:7C0C 803E4A7C00    CMP b.[07C4Ah], 00h		DS:0C4A=00h

AX=8675  BX=0000  CX=000F  DX=4240  SP=0000  BP=0000  SI=0000  DI=0000
DS=0000  ES=0000  SS=0000  CS=0000  IP=7C11   NV UP EI PL NZ NA PE NC
0000:7C11 741D          JZ 07C30h

AX=8675  BX=0000  CX=000F  DX=4240  SP=0000  BP=0000  SI=0000  DI=0000
DS=0000  ES=0000  SS=0000  CS=0000  IP=7C13   NV UP EI PL NZ NA PE NC
0000:7C13 A04B7C        MOV AL, [07C4Bh]		DS:0C4B=00h

AX=8676  BX=0000  CX=000F  DX=4240  SP=0000  BP=0000  SI=0000  DI=0000
DS=0000  ES=0000  SS=0000  CS=0000  IP=7C16   NV UP EI PL NZ NA PE NC
0000:7C16 B40E          MOV AH, 0Eh

AX=0E76  BX=0000  CX=000F  DX=4240  SP=0000  BP=0000  SI=0000  DI=0000
DS=0000  ES=0000  SS=0000  CS=0000  IP=7C18   NV UP EI PL NZ NA PE NC
0000:7C18 CD10          INT 010h

AX=0E76  BX=0000  CX=000F  DX=4240  SP=FFFA  BP=0000  SI=0000  DI=0000
DS=0000  ES=0000  SS=0000  CS=F400  IP=0190   NV UP DI PL NZ NA PE NC
F400:0190 FFFFCD10          BIOS DI

AX=0E76  BX=0000  CX=000F  DX=4240  SP=FFFA  BP=0000  SI=0000  DI=0000
DS=0000  ES=0000  SS=0000  CS=F400  IP=0194   NV UP DI PL NZ NA PE NC
F400:0194 CF            IRET

AX=0E76  BX=0000  CX=000F  DX=4240  SP=0000  BP=0000  SI=0000  DI=0000
DS=0000  ES=0000  SS=0000  CS=0000  IP=7C1A   NV UP EI PL NZ NA PE NC
0000:7C1A FE064B7C      INC b.[07C4Bh]		DS:0C4B=00h

AX=0E76  BX=0000  CX=000F  DX=4240  SP=0000  BP=0000  SI=0000  DI=0000
DS=0000  ES=0000  SS=0000  CS=0000  IP=7C1E   NV UP EI PL NZ NA PE NC
0000:7C1E FE0E4A7C      DEC b.[07C4Ah]		DS:0C4A=00h

AX=0E76  BX=0000  CX=000F  DX=4240  SP=0000  BP=0000  SI=0000  DI=0000
DS=0000  ES=0000  SS=0000  CS=0000  IP=7C22   NV UP EI PL NZ NA PO NC
0000:7C22 B90F00        MOV CX, 0000Fh

AX=0E76  BX=0000  CX=000F  DX=4240  SP=0000  BP=0000  SI=0000  DI=0000
DS=0000  ES=0000  SS=0000  CS=0000  IP=7C25   NV UP EI PL NZ NA PO NC
0000:7C25 BA4042        MOV DX, 04240h

AX=0E76  BX=0000  CX=000F  DX=4240  SP=0000  BP=0000  SI=0000  DI=0000
DS=0000  ES=0000  SS=0000  CS=0000  IP=7C28   NV UP EI PL NZ NA PO NC
0000:7C28 B486          MOV AH, 086h

AX=8676  BX=0000  CX=000F  DX=4240  SP=0000  BP=0000  SI=0000  DI=0000
DS=0000  ES=0000  SS=0000  CS=0000  IP=7C2A   NV UP EI PL NZ NA PO NC
0000:7C2A CD15          INT 015h

AX=8676  BX=0000  CX=000F  DX=4240  SP=FFFA  BP=0000  SI=0000  DI=0000
DS=0000  ES=0000  SS=0000  CS=F400  IP=01E0   NV UP DI PL NZ NA PO NC
F400:01E0 FFFFCD15          BIOS DI

AX=8676  BX=0000  CX=000F  DX=4240  SP=FFFA  BP=0000  SI=0000  DI=0000
DS=0000  ES=0000  SS=0000  CS=F400  IP=01E4   NV UP DI PL NZ NA PO NC
F400:01E4 CF            IRET

AX=8676  BX=0000  CX=000F  DX=4240  SP=0000  BP=0000  SI=0000  DI=0000
DS=0000  ES=0000  SS=0000  CS=0000  IP=7C2C   NV UP EI PL NZ NA PO NC
0000:7C2C 7202          JB 07C30h

AX=8676  BX=0000  CX=000F  DX=4240  SP=0000  BP=0000  SI=0000  DI=0000
DS=0000  ES=0000  SS=0000  CS=0000  IP=7C2E   NV UP EI PL NZ NA PO NC
0000:7C2E EBDC          JMP 07D0Ch

AX=8676  BX=0000  CX=000F  DX=4240  SP=0000  BP=0000  SI=0000  DI=0000
DS=0000  ES=0000  SS=0000  CS=0000  IP=7C0C   NV UP EI PL NZ NA PO NC
0000:7C0C 803E4A7C00    CMP b.[07C4Ah], 00h		DS:0C4A=00h

AX=8676  BX=0000  CX=000F  DX=4240  SP=0000  BP=0000  SI=0000  DI=0000
DS=0000  ES=0000  SS=0000  CS=0000  IP=7C11   NV UP EI PL NZ NA PO NC
0000:7C11 741D          JZ 07C30h

AX=8676  BX=0000  CX=000F  DX=4240  SP=0000  BP=0000  SI=0000  DI=0000
DS=0000  ES=0000  SS=0000  CS=0000  IP=7C13   NV UP EI PL NZ NA PO NC
0000:7C13 A04B7C        MOV AL, [07C4Bh]		DS:0C4B=00h

AX=8677  BX=0000  CX=000F  DX=4240  SP=0000  BP=0000  SI=0000  DI=0000
DS=0000  ES=0000  SS=0000  CS=0000  IP=7C16   NV UP EI PL NZ NA PO NC
0000:7C16 B40E          MOV AH, 0Eh

AX=0E77  BX=0000  CX=000F  DX=4240  SP=0000  BP=0000  SI=0000  DI=0000
DS=0000  ES=0000  SS=0000  CS=0000  IP=7C18   NV UP EI PL NZ NA PO NC
0000:7C18 CD10          INT 010h

AX=0E77  BX=0000  CX=000F  DX=4240  SP=FFFA  BP=0000  SI=0000  DI=0000
DS=0000  ES=0000  SS=0000  CS=F400  IP=0190   NV UP DI PL NZ NA PO NC
F400:0190 FFFFCD10          BIOS DI

AX=0E77  BX=0000  CX=000F  DX=4240  SP=FFFA  BP=0000  SI=0000  DI=0000
DS=0000  ES=0000  SS=0000  CS=F400  IP=0194   NV UP DI PL NZ NA PO NC
F400:0194 CF            IRET

AX=0E77  BX=0000  CX=000F  DX=4240  SP=0000  BP=0000  SI=0000  DI=0000
DS=0000  ES=0000  SS=0000  CS=0000  IP=7C1A   NV UP EI PL NZ NA PO NC
0000:7C1A FE064B7C      INC b.[07C4Bh]		DS:0C4B=00h

AX=0E77  BX=0000  CX=000F  DX=4240  SP=0000  BP=0000  SI=0000  DI=0000
DS=0000  ES=0000  SS=0000  CS=0000  IP=7C1E   NV UP EI PL NZ NA PE NC
0000:7C1E FE0E4A7C      DEC b.[07C4Ah]		DS:0C4A=00h

AX=0E77  BX=0000  CX=000F  DX=4240  SP=0000  BP=0000  SI=0000  DI=0000
DS=0000  ES=0000  SS=0000  CS=0000  IP=7C22   NV UP EI PL NZ NA PE NC
0000:7C22 B90F00        MOV CX, 0000Fh

AX=0E77  BX=0000  CX=000F  DX=4240  SP=0000  BP=0000  SI=0000  DI=0000
DS=0000  ES=0000  SS=0000  CS=0000  IP=7C25   NV UP EI PL NZ NA PE NC
0000:7C25 BA4042        MOV DX, 04240h

AX=0E77  BX=0000  CX=000F  DX=4240  SP=0000  BP=0000  SI=0000  DI=0000
DS=0000  ES=0000  SS=0000  CS=0000  IP=7C28   NV UP EI PL NZ NA PE NC
0000:7C28 B486          MOV AH, 086h

AX=8677  BX=0000  CX=000F  DX=4240  SP=0000  BP=0000  SI=0000  DI=0000
DS=0000  ES=0000  SS=0000  CS=0000  IP=7C2A   NV UP EI PL NZ NA PE NC
0000:7C2A CD15          INT 015h

AX=8677  BX=0000  CX=000F  DX=4240  SP=FFFA  BP=0000  SI=0000  DI=0000
DS=0000  ES=0000  SS=0000  CS=F400  IP=01E0   NV UP DI PL NZ NA PE NC
F400:01E0 FFFFCD15          BIOS DI

AX=8677  BX=0000  CX=000F  DX=4240  SP=FFFA  BP=0000  SI=0000  DI=0000
DS=0000  ES=0000  SS=0000  CS=F400  IP=01E4   NV UP DI PL NZ NA PE NC
F400:01E4 CF            IRET

AX=8677  BX=0000  CX=000F  DX=4240  SP=0000  BP=0000  SI=0000  DI=0000
DS=0000  ES=0000  SS=0000  CS=0000  IP=7C2C   NV UP EI PL NZ NA PE NC
0000:7C2C 7202          JB 07C30h

AX=8677  BX=0000  CX=000F  DX=4240  SP=0000  BP=0000  SI=0000  DI=0000
DS=0000  ES=0000  SS=0000  CS=0000  IP=7C2E   NV UP EI PL NZ NA PE NC
0000:7C2E EBDC          JMP 07D0Ch

AX=8677  BX=0000  CX=000F  DX=4240  SP=0000  BP=0000  SI=0000  DI=0000
DS=0000  ES=0000  SS=0000  CS=0000  IP=7C0C   NV UP EI PL NZ NA PE NC
0000:7C0C 803E4A7C00    CMP b.[07C4Ah], 00h		DS:0C4A=00h

AX=8677  BX=0000  CX=000F  DX=4240  SP=0000  BP=0000  SI=0000  DI=0000
DS=0000  ES=0000  SS=0000  CS=0000  IP=7C11   NV UP EI PL NZ NA PE NC
0000:7C11 741D          JZ 07C30h

AX=8677  BX=0000  CX=000F  DX=4240  SP=0000  BP=0000  SI=0000  DI=0000
DS=0000  ES=0000  SS=0000  CS=0000  IP=7C13   NV UP EI PL NZ NA PE NC
0000:7C13 A04B7C        MOV AL, [07C4Bh]		DS:0C4B=00h

AX=8678  BX=0000  CX=000F  DX=4240  SP=0000  BP=0000  SI=0000  DI=0000
DS=0000  ES=0000  SS=0000  CS=0000  IP=7C16   NV UP EI PL NZ NA PE NC
0000:7C16 B40E          MOV AH, 0Eh

AX=0E78  BX=0000  CX=000F  DX=4240  SP=0000  BP=0000  SI=0000  DI=0000
DS=0000  ES=0000  SS=0000  CS=0000  IP=7C18   NV UP EI PL NZ NA PE NC
0000:7C18 CD10          INT 010h

AX=0E78  BX=0000  CX=000F  DX=4240  SP=FFFA  BP=0000  SI=0000  DI=0000
DS=0000  ES=0000  SS=0000  CS=F400  IP=0190   NV UP DI PL NZ NA PE NC
F400:0190 FFFFCD10          BIOS DI

AX=0E78  BX=0000  CX=000F  DX=4240  SP=FFFA  BP=0000  SI=0000  DI=0000
DS=0000  ES=0000  SS=0000  CS=F400  IP=0194   NV UP DI PL NZ NA PE NC
F400:0194 CF            IRET

AX=0E78  BX=0000  CX=000F  DX=4240  SP=0000  BP=0000  SI=0000  DI=0000
DS=0000  ES=0000  SS=0000  CS=0000  IP=7C1A   NV UP EI PL NZ NA PE NC
0000:7C1A FE064B7C      INC b.[07C4Bh]		DS:0C4B=00h

AX=0E78  BX=0000  CX=000F  DX=4240  SP=0000  BP=0000  SI=0000  DI=0000
DS=0000  ES=0000  SS=0000  CS=0000  IP=7C1E   NV UP EI PL NZ NA PO NC
0000:7C1E FE0E4A7C      DEC b.[07C4Ah]		DS:0C4A=00h

AX=0E78  BX=0000  CX=000F  DX=4240  SP=0000  BP=0000  SI=0000  DI=0000
DS=0000  ES=0000  SS=0000  CS=0000  IP=7C22   NV UP EI PL NZ NA PO NC
0000:7C22 B90F00        MOV CX, 0000Fh

AX=0E78  BX=0000  CX=000F  DX=4240  SP=0000  BP=0000  SI=0000  DI=0000
DS=0000  ES=0000  SS=0000  CS=0000  IP=7C25   NV UP EI PL NZ NA PO NC
0000:7C25 BA4042        MOV DX, 04240h

AX=0E78  BX=0000  CX=000F  DX=4240  SP=0000  BP=0000  SI=0000  DI=0000
DS=0000  ES=0000  SS=0000  CS=0000  IP=7C28   NV UP EI PL NZ NA PO NC
0000:7C28 B486          MOV AH, 086h

AX=8678  BX=0000  CX=000F  DX=4240  SP=0000  BP=0000  SI=0000  DI=0000
DS=0000  ES=0000  SS=0000  CS=0000  IP=7C2A   NV UP EI PL NZ NA PO NC
0000:7C2A CD15          INT 015h

AX=8678  BX=0000  CX=000F  DX=4240  SP=FFFA  BP=0000  SI=0000  DI=0000
DS=0000  ES=0000  SS=0000  CS=F400  IP=01E0   NV UP DI PL NZ NA PO NC
F400:01E0 FFFFCD15          BIOS DI

AX=8678  BX=0000  CX=000F  DX=4240  SP=FFFA  BP=0000  SI=0000  DI=0000
DS=0000  ES=0000  SS=0000  CS=F400  IP=01E4   NV UP DI PL NZ NA PO NC
F400:01E4 CF            IRET

AX=8678  BX=0000  CX=000F  DX=4240  SP=0000  BP=0000  SI=0000  DI=0000
DS=0000  ES=0000  SS=0000  CS=0000  IP=7C2C   NV UP EI PL NZ NA PO NC
0000:7C2C 7202          JB 07C30h

AX=8678  BX=0000  CX=000F  DX=4240  SP=0000  BP=0000  SI=0000  DI=0000
DS=0000  ES=0000  SS=0000  CS=0000  IP=7C2E   NV UP EI PL NZ NA PO NC
0000:7C2E EBDC          JMP 07D0Ch

AX=8678  BX=0000  CX=000F  DX=4240  SP=0000  BP=0000  SI=0000  DI=0000
DS=0000  ES=0000  SS=0000  CS=0000  IP=7C0C   NV UP EI PL NZ NA PO NC
0000:7C0C 803E4A7C00    CMP b.[07C4Ah], 00h		DS:0C4A=00h

AX=8678  BX=0000  CX=000F  DX=4240  SP=0000  BP=0000  SI=0000  DI=0000
DS=0000  ES=0000  SS=0000  CS=0000  IP=7C11   NV UP EI PL NZ NA PO NC
0000:7C11 741D          JZ 07C30h

AX=8678  BX=0000  CX=000F  DX=4240  SP=0000  BP=0000  SI=0000  DI=0000
DS=0000  ES=0000  SS=0000  CS=0000  IP=7C13   NV UP EI PL NZ NA PO NC
0000:7C13 A04B7C        MOV AL, [07C4Bh]		DS:0C4B=00h

AX=8679  BX=0000  CX=000F  DX=4240  SP=0000  BP=0000  SI=0000  DI=0000
DS=0000  ES=0000  SS=0000  CS=0000  IP=7C16   NV UP EI PL NZ NA PO NC
0000:7C16 B40E          MOV AH, 0Eh

AX=0E79  BX=0000  CX=000F  DX=4240  SP=0000  BP=0000  SI=0000  DI=0000
DS=0000  ES=0000  SS=0000  CS=0000  IP=7C18   NV UP EI PL NZ NA PO NC
0000:7C18 CD10          INT 010h

AX=0E79  BX=0000  CX=000F  DX=4240  SP=FFFA  BP=0000  SI=0000  DI=0000
DS=0000  ES=0000  SS=0000  CS=F400  IP=0190   NV UP DI PL NZ NA PO NC
F400:0190 FFFFCD10          BIOS DI

AX=0E79  BX=0000  CX=000F  DX=4240  SP=FFFA  BP=0000  SI=0000  DI=0000
DS=0000  ES=0000  SS=0000  CS=F400  IP=0194   NV UP DI PL NZ NA PO NC
F400:0194 CF            IRET

AX=0E79  BX=0000  CX=000F  DX=4240  SP=0000  BP=0000  SI=0000  DI=0000
DS=0000  ES=0000  SS=0000  CS=0000  IP=7C1A   NV UP EI PL NZ NA PO NC
0000:7C1A FE064B7C      INC b.[07C4Bh]		DS:0C4B=00h

AX=0E79  BX=0000  CX=000F  DX=4240  SP=0000  BP=0000  SI=0000  DI=0000
DS=0000  ES=0000  SS=0000  CS=0000  IP=7C1E   NV UP EI PL NZ NA PO NC
0000:7C1E FE0E4A7C      DEC b.[07C4Ah]		DS:0C4A=00h

AX=0E79  BX=0000  CX=000F  DX=4240  SP=0000  BP=0000  SI=0000  DI=0000
DS=0000  ES=0000  SS=0000  CS=0000  IP=7C22   NV UP EI PL NZ NA PO NC
0000:7C22 B90F00        MOV CX, 0000Fh

AX=0E79  BX=0000  CX=000F  DX=4240  SP=0000  BP=0000  SI=0000  DI=0000
DS=0000  ES=0000  SS=0000  CS=0000  IP=7C25   NV UP EI PL NZ NA PO NC
0000:7C25 BA4042        MOV DX, 04240h

AX=0E79  BX=0000  CX=000F  DX=4240  SP=0000  BP=0000  SI=0000  DI=0000
DS=0000  ES=0000  SS=0000  CS=0000  IP=7C28   NV UP EI PL NZ NA PO NC
0000:7C28 B486          MOV AH, 086h

AX=8679  BX=0000  CX=000F  DX=4240  SP=0000  BP=0000  SI=0000  DI=0000
DS=0000  ES=0000  SS=0000  CS=0000  IP=7C2A   NV UP EI PL NZ NA PO NC
0000:7C2A CD15          INT 015h

AX=8679  BX=0000  CX=000F  DX=4240  SP=FFFA  BP=0000  SI=0000  DI=0000
DS=0000  ES=0000  SS=0000  CS=F400  IP=01E0   NV UP DI PL NZ NA PO NC
F400:01E0 FFFFCD15          BIOS DI

AX=8679  BX=0000  CX=000F  DX=4240  SP=FFFA  BP=0000  SI=0000  DI=0000
DS=0000  ES=0000  SS=0000  CS=F400  IP=01E4   NV UP DI PL NZ NA PO NC
F400:01E4 CF            IRET

AX=8679  BX=0000  CX=000F  DX=4240  SP=0000  BP=0000  SI=0000  DI=0000
DS=0000  ES=0000  SS=0000  CS=0000  IP=7C2C   NV UP EI PL NZ NA PO NC
0000:7C2C 7202          JB 07C30h

AX=8679  BX=0000  CX=000F  DX=4240  SP=0000  BP=0000  SI=0000  DI=0000
DS=0000  ES=0000  SS=0000  CS=0000  IP=7C2E   NV UP EI PL NZ NA PO NC
0000:7C2E EBDC          JMP 07D0Ch

AX=8679  BX=0000  CX=000F  DX=4240  SP=0000  BP=0000  SI=0000  DI=0000
DS=0000  ES=0000  SS=0000  CS=0000  IP=7C0C   NV UP EI PL NZ NA PO NC
0000:7C0C 803E4A7C00    CMP b.[07C4Ah], 00h		DS:0C4A=00h

AX=8679  BX=0000  CX=000F  DX=4240  SP=0000  BP=0000  SI=0000  DI=0000
DS=0000  ES=0000  SS=0000  CS=0000  IP=7C11   NV UP EI PL NZ NA PO NC
0000:7C11 741D          JZ 07C30h

AX=8679  BX=0000  CX=000F  DX=4240  SP=0000  BP=0000  SI=0000  DI=0000
DS=0000  ES=0000  SS=0000  CS=0000  IP=7C13   NV UP EI PL NZ NA PO NC
0000:7C13 A04B7C        MOV AL, [07C4Bh]		DS:0C4B=00h

AX=867A  BX=0000  CX=000F  DX=4240  SP=0000  BP=0000  SI=0000  DI=0000
DS=0000  ES=0000  SS=0000  CS=0000  IP=7C16   NV UP EI PL NZ NA PO NC
0000:7C16 B40E          MOV AH, 0Eh

AX=0E7A  BX=0000  CX=000F  DX=4240  SP=0000  BP=0000  SI=0000  DI=0000
DS=0000  ES=0000  SS=0000  CS=0000  IP=7C18   NV UP EI PL NZ NA PO NC
0000:7C18 CD10          INT 010h

AX=0E7A  BX=0000  CX=000F  DX=4240  SP=FFFA  BP=0000  SI=0000  DI=0000
DS=0000  ES=0000  SS=0000  CS=F400  IP=0190   NV UP DI PL NZ NA PO NC
F400:0190 FFFFCD10          BIOS DI

AX=0E7A  BX=0000  CX=000F  DX=4240  SP=FFFA  BP=0000  SI=0000  DI=0000
DS=0000  ES=0000  SS=0000  CS=F400  IP=0194   NV UP DI PL NZ NA PO NC
F400:0194 CF            IRET

AX=0E7A  BX=0000  CX=000F  DX=4240  SP=0000  BP=0000  SI=0000  DI=0000
DS=0000  ES=0000  SS=0000  CS=0000  IP=7C1A   NV UP EI PL NZ NA PO NC
0000:7C1A FE064B7C      INC b.[07C4Bh]		DS:0C4B=00h

AX=0E7A  BX=0000  CX=000F  DX=4240  SP=0000  BP=0000  SI=0000  DI=0000
DS=0000  ES=0000  SS=0000  CS=0000  IP=7C1E   NV UP EI PL NZ NA PE NC
0000:7C1E FE0E4A7C      DEC b.[07C4Ah]		DS:0C4A=00h

AX=0E7A  BX=0000  CX=000F  DX=4240  SP=0000  BP=0000  SI=0000  DI=0000
DS=0000  ES=0000  SS=0000  CS=0000  IP=7C22   NV UP EI PL ZR NA PE NC
0000:7C22 B90F00        MOV CX, 0000Fh

AX=0E7A  BX=0000  CX=000F  DX=4240  SP=0000  BP=0000  SI=0000  DI=0000
DS=0000  ES=0000  SS=0000  CS=0000  IP=7C25   NV UP EI PL ZR NA PE NC
0000:7C25 BA4042        MOV DX, 04240h

AX=0E7A  BX=0000  CX=000F  DX=4240  SP=0000  BP=0000  SI=0000  DI=0000
DS=0000  ES=0000  SS=0000  CS=0000  IP=7C28   NV UP EI PL ZR NA PE NC
0000:7C28 B486          MOV AH, 086h

AX=867A  BX=0000  CX=000F  DX=4240  SP=0000  BP=0000  SI=0000  DI=0000
DS=0000  ES=0000  SS=0000  CS=0000  IP=7C2A   NV UP EI PL ZR NA PE NC
0000:7C2A CD15          INT 015h

AX=867A  BX=0000  CX=000F  DX=4240  SP=FFFA  BP=0000  SI=0000  DI=0000
DS=0000  ES=0000  SS=0000  CS=F400  IP=01E0   NV UP DI PL ZR NA PE NC
F400:01E0 FFFFCD15          BIOS DI

AX=867A  BX=0000  CX=000F  DX=4240  SP=FFFA  BP=0000  SI=0000  DI=0000
DS=0000  ES=0000  SS=0000  CS=F400  IP=01E4   NV UP DI PL ZR NA PE NC
F400:01E4 CF            IRET

AX=867A  BX=0000  CX=000F  DX=4240  SP=0000  BP=0000  SI=0000  DI=0000
DS=0000  ES=0000  SS=0000  CS=0000  IP=7C2C   NV UP EI PL ZR NA PE NC
0000:7C2C 7202          JB 07C30h

AX=867A  BX=0000  CX=000F  DX=4240  SP=0000  BP=0000  SI=0000  DI=0000
DS=0000  ES=0000  SS=0000  CS=0000  IP=7C2E   NV UP EI PL ZR NA PE NC
0000:7C2E EBDC          JMP 07D0Ch

AX=867A  BX=0000  CX=000F  DX=4240  SP=0000  BP=0000  SI=0000  DI=0000
DS=0000  ES=0000  SS=0000  CS=0000  IP=7C0C   NV UP EI PL ZR NA PE NC
0000:7C0C 803E4A7C00    CMP b.[07C4Ah], 00h		DS:0C4A=00h

AX=867A  BX=0000  CX=000F  DX=4240  SP=0000  BP=0000  SI=0000  DI=0000
DS=0000  ES=0000  SS=0000  CS=0000  IP=7C11   NV UP EI PL ZR NA PE NC
0000:7C11 741D          JZ 07C30h

AX=867A  BX=0000  CX=000F  DX=4240  SP=0000  BP=0000  SI=0000  DI=0000
DS=0000  ES=0000  SS=0000  CS=0000  IP=7C30   NV UP EI PL ZR NA PE NC
0000:7C30 B001          MOV AL, 01h

AX=8601  BX=0000  CX=000F  DX=4240  SP=0000  BP=0000  SI=0000  DI=0000
DS=0000  ES=0000  SS=0000  CS=0000  IP=7C32   NV UP EI PL ZR NA PE NC
0000:7C32 B700          MOV BH, 00h

AX=8601  BX=0000  CX=000F  DX=4240  SP=0000  BP=0000  SI=0000  DI=0000
DS=0000  ES=0000  SS=0000  CS=0000  IP=7C34   NV UP EI PL ZR NA PE NC
0000:7C34 B32F          MOV BL, 02Fh

AX=8601  BX=002F  CX=000F  DX=4240  SP=0000  BP=0000  SI=0000  DI=0000
DS=0000  ES=0000  SS=0000  CS=0000  IP=7C36   NV UP EI PL ZR NA PE NC
0000:7C36 B93100        MOV CX, 00031h

AX=8601  BX=002F  CX=0031  DX=4240  SP=0000  BP=0000  SI=0000  DI=0000
DS=0000  ES=0000  SS=0000  CS=0000  IP=7C39   NV UP EI PL ZR NA PE NC
0000:7C39 B204          MOV DL, 04h

AX=8601  BX=002F  CX=0031  DX=4204  SP=0000  BP=0000  SI=0000  DI=0000
DS=0000  ES=0000  SS=0000  CS=0000  IP=7C3B   NV UP EI PL ZR NA PE NC
0000:7C3B B60F          MOV DH, 0Fh

AX=8601  BX=002F  CX=0031  DX=0F04  SP=0000  BP=0000  SI=0000  DI=0000
DS=0000  ES=0000  SS=0000  CS=0000  IP=7C3D   NV UP EI PL ZR NA PE NC
0000:7C3D BD4C7C        MOV BP, 07C4Ch

AX=8601  BX=002F  CX=0031  DX=0F04  SP=0000  BP=7C4C  SI=0000  DI=0000
DS=0000  ES=0000  SS=0000  CS=0000  IP=7C40   NV UP EI PL ZR NA PE NC
0000:7C40 B413          MOV AH, 013h

AX=1301  BX=002F  CX=0031  DX=0F04  SP=0000  BP=7C4C  SI=0000  DI=0000
DS=0000  ES=0000  SS=0000  CS=0000  IP=7C42   NV UP EI PL ZR NA PE NC
0000:7C42 CD10          INT 010h

AX=1301  BX=002F  CX=0031  DX=0F04  SP=FFFA  BP=7C4C  SI=0000  DI=0000
DS=0000  ES=0000  SS=0000  CS=F400  IP=0190   NV UP DI PL ZR NA PE NC
F400:0190 FFFFCD10          BIOS DI

AX=1301  BX=002F  CX=0031  DX=0F04  SP=FFFA  BP=7C4C  SI=0000  DI=0000
DS=0000  ES=0000  SS=0000  CS=F400  IP=0194   NV UP DI PL ZR NA PE NC
F400:0194 CF            IRET

AX=1301  BX=002F  CX=0031  DX=0F04  SP=0000  BP=7C4C  SI=0000  DI=0000
DS=0000  ES=0000  SS=0000  CS=0000  IP=7C44   NV UP EI PL ZR NA PE NC
0000:7C44 B400          MOV AH, 00h

AX=0001  BX=002F  CX=0031  DX=0F04  SP=0000  BP=7C4C  SI=0000  DI=0000
DS=0000  ES=0000  SS=0000  CS=0000  IP=7C46   NV UP EI PL ZR NA PE NC
0000:7C46 CD16          INT 016h

AX=0001  BX=002F  CX=0031  DX=0F04  SP=FFFA  BP=7C4C  SI=0000  DI=0000
DS=0000  ES=0000  SS=0000  CS=F400  IP=01C0   NV UP DI PL ZR NA PE NC
F400:01C0 FFFFCD16          BIOS DI
